  [1m[36m (71.7ms)[0m  [1mCREATE TABLE "schema_migrations" ("version" varchar NOT NULL) [0m
  [1m[35m (0.2ms)[0m  select sqlite_version(*)
  [1m[36m (81.8ms)[0m  [1mCREATE UNIQUE INDEX "unique_schema_migrations" ON "schema_migrations" ("version")[0m
  [1m[35mActiveRecord::SchemaMigration Load (0.1ms)[0m  SELECT "schema_migrations".* FROM "schema_migrations"
Migrating to CreatePublications (20160710135526)
  [1m[36m (0.1ms)[0m  [1mbegin transaction[0m
  [1m[35m (0.5ms)[0m  CREATE TABLE "publications" ("id" INTEGER PRIMARY KEY AUTOINCREMENT NOT NULL, "title" varchar, "description" text, "publication_image" varchar, "created_at" datetime NOT NULL, "updated_at" datetime NOT NULL) 
  [1m[36mSQL (0.2ms)[0m  [1mINSERT INTO "schema_migrations" ("version") VALUES (?)[0m  [["version", "20160710135526"]]
  [1m[35m (188.1ms)[0m  commit transaction
  [1m[36mActiveRecord::SchemaMigration Load (0.1ms)[0m  [1mSELECT "schema_migrations".* FROM "schema_migrations"[0m


Started GET "/publications" for 127.0.0.1 at 2016-07-10 10:57:36 -0300
  [1m[36mActiveRecord::SchemaMigration Load (0.1ms)[0m  [1mSELECT "schema_migrations".* FROM "schema_migrations"[0m
Processing by PublicationsController#index as HTML
  [1m[35mPublication Load (0.2ms)[0m  SELECT "publications".* FROM "publications"
  Rendered publications/index.html.erb within layouts/application (3.4ms)
Completed 200 OK in 1128ms (Views: 1118.7ms | ActiveRecord: 0.3ms)


Started GET "/assets/publications.self-e3b0c44298fc1c149afbf4c8996fb92427ae41e4649b934ca495991b7852b855.css?body=1" for 127.0.0.1 at 2016-07-10 10:57:38 -0300


Started GET "/assets/scaffolds.self-babb72a39508cc126de64c1ad30ee67298df9c770bb7c36ec2f06cabed77f17a.css?body=1" for 127.0.0.1 at 2016-07-10 10:57:38 -0300


Started GET "/assets/publications.self-877aef30ae1b040ab8a3aba4e3e309a11d7f2612f44dde450b5c157aa5f95c05.js?body=1" for 127.0.0.1 at 2016-07-10 10:57:38 -0300


Started GET "/publications" for 127.0.0.1 at 2016-07-10 11:03:32 -0300

SyntaxError (/home/aluno125/Documentos/blog/app/controllers/publications_controller.rb:58: syntax error, unexpected keyword_end, expecting end-of-input):
  app/controllers/publications_controller.rb:58: syntax error, unexpected keyword_end, expecting end-of-input


  Rendered /home/aluno125/.rbenv/versions/2.3.1/lib/ruby/gems/2.3.0/gems/actionpack-4.2.6/lib/action_dispatch/middleware/templates/rescues/_source.erb (11.6ms)
  Rendered /home/aluno125/.rbenv/versions/2.3.1/lib/ruby/gems/2.3.0/gems/actionpack-4.2.6/lib/action_dispatch/middleware/templates/rescues/_trace.html.erb (6.3ms)
  Rendered /home/aluno125/.rbenv/versions/2.3.1/lib/ruby/gems/2.3.0/gems/actionpack-4.2.6/lib/action_dispatch/middleware/templates/rescues/_request_and_response.html.erb (1.5ms)
  Rendered /home/aluno125/.rbenv/versions/2.3.1/lib/ruby/gems/2.3.0/gems/actionpack-4.2.6/lib/action_dispatch/middleware/templates/rescues/diagnostics.html.erb within rescues/layout (45.7ms)
  Rendered /home/aluno125/.rbenv/versions/2.3.1/lib/ruby/gems/2.3.0/gems/web-console-2.3.0/lib/web_console/templates/_markup.html.erb (0.7ms)
  Rendered /home/aluno125/.rbenv/versions/2.3.1/lib/ruby/gems/2.3.0/gems/web-console-2.3.0/lib/web_console/templates/_inner_console_markup.html.erb within layouts/inlined_string (0.5ms)
  Rendered /home/aluno125/.rbenv/versions/2.3.1/lib/ruby/gems/2.3.0/gems/web-console-2.3.0/lib/web_console/templates/_prompt_box_markup.html.erb within layouts/inlined_string (0.2ms)
  Rendered /home/aluno125/.rbenv/versions/2.3.1/lib/ruby/gems/2.3.0/gems/web-console-2.3.0/lib/web_console/templates/style.css.erb within layouts/inlined_string (0.4ms)
  Rendered /home/aluno125/.rbenv/versions/2.3.1/lib/ruby/gems/2.3.0/gems/web-console-2.3.0/lib/web_console/templates/console.js.erb within layouts/javascript (70.9ms)
  Rendered /home/aluno125/.rbenv/versions/2.3.1/lib/ruby/gems/2.3.0/gems/web-console-2.3.0/lib/web_console/templates/main.js.erb within layouts/javascript (0.4ms)
  Rendered /home/aluno125/.rbenv/versions/2.3.1/lib/ruby/gems/2.3.0/gems/web-console-2.3.0/lib/web_console/templates/error_page.js.erb within layouts/javascript (0.3ms)
  Rendered /home/aluno125/.rbenv/versions/2.3.1/lib/ruby/gems/2.3.0/gems/web-console-2.3.0/lib/web_console/templates/index.html.erb (111.8ms)


Started GET "/publications" for 127.0.0.1 at 2016-07-10 11:04:01 -0300

SyntaxError (/home/aluno125/Documentos/blog/app/controllers/publications_controller.rb:58: syntax error, unexpected keyword_end, expecting end-of-input):
  app/controllers/publications_controller.rb:58: syntax error, unexpected keyword_end, expecting end-of-input


  Rendered /home/aluno125/.rbenv/versions/2.3.1/lib/ruby/gems/2.3.0/gems/actionpack-4.2.6/lib/action_dispatch/middleware/templates/rescues/_source.erb (8.1ms)
  Rendered /home/aluno125/.rbenv/versions/2.3.1/lib/ruby/gems/2.3.0/gems/actionpack-4.2.6/lib/action_dispatch/middleware/templates/rescues/_trace.html.erb (13.4ms)
  Rendered /home/aluno125/.rbenv/versions/2.3.1/lib/ruby/gems/2.3.0/gems/actionpack-4.2.6/lib/action_dispatch/middleware/templates/rescues/_request_and_response.html.erb (2.0ms)
  Rendered /home/aluno125/.rbenv/versions/2.3.1/lib/ruby/gems/2.3.0/gems/actionpack-4.2.6/lib/action_dispatch/middleware/templates/rescues/diagnostics.html.erb within rescues/layout (38.6ms)
  Rendered /home/aluno125/.rbenv/versions/2.3.1/lib/ruby/gems/2.3.0/gems/web-console-2.3.0/lib/web_console/templates/_markup.html.erb (0.4ms)
  Rendered /home/aluno125/.rbenv/versions/2.3.1/lib/ruby/gems/2.3.0/gems/web-console-2.3.0/lib/web_console/templates/_inner_console_markup.html.erb within layouts/inlined_string (0.6ms)
  Rendered /home/aluno125/.rbenv/versions/2.3.1/lib/ruby/gems/2.3.0/gems/web-console-2.3.0/lib/web_console/templates/_prompt_box_markup.html.erb within layouts/inlined_string (0.6ms)
  Rendered /home/aluno125/.rbenv/versions/2.3.1/lib/ruby/gems/2.3.0/gems/web-console-2.3.0/lib/web_console/templates/style.css.erb within layouts/inlined_string (0.3ms)
  Rendered /home/aluno125/.rbenv/versions/2.3.1/lib/ruby/gems/2.3.0/gems/web-console-2.3.0/lib/web_console/templates/console.js.erb within layouts/javascript (18.4ms)
  Rendered /home/aluno125/.rbenv/versions/2.3.1/lib/ruby/gems/2.3.0/gems/web-console-2.3.0/lib/web_console/templates/main.js.erb within layouts/javascript (0.3ms)
  Rendered /home/aluno125/.rbenv/versions/2.3.1/lib/ruby/gems/2.3.0/gems/web-console-2.3.0/lib/web_console/templates/error_page.js.erb within layouts/javascript (0.7ms)
  Rendered /home/aluno125/.rbenv/versions/2.3.1/lib/ruby/gems/2.3.0/gems/web-console-2.3.0/lib/web_console/templates/index.html.erb (37.8ms)


Started GET "/publications" for 127.0.0.1 at 2016-07-10 11:04:28 -0300
Processing by PublicationsController#index as HTML
  [1m[36mPublication Load (0.3ms)[0m  [1mSELECT "publications".* FROM "publications"[0m
  Rendered publications/index.html.erb within layouts/application (2.6ms)
Completed 200 OK in 33ms (Views: 29.1ms | ActiveRecord: 0.4ms)


Started GET "/assets/publications.self-e3b0c44298fc1c149afbf4c8996fb92427ae41e4649b934ca495991b7852b855.css?body=1" for 127.0.0.1 at 2016-07-10 11:04:28 -0300


Started GET "/assets/scaffolds.self-babb72a39508cc126de64c1ad30ee67298df9c770bb7c36ec2f06cabed77f17a.css?body=1" for 127.0.0.1 at 2016-07-10 11:04:28 -0300


Started GET "/assets/jquery_ujs.self-e87806d0cf4489aeb1bb7288016024e8de67fd18db693fe026fe3907581e53cd.js?body=1" for 127.0.0.1 at 2016-07-10 11:04:28 -0300


Started GET "/assets/publications.self-877aef30ae1b040ab8a3aba4e3e309a11d7f2612f44dde450b5c157aa5f95c05.js?body=1" for 127.0.0.1 at 2016-07-10 11:04:28 -0300


Started GET "/assets/jquery.self-660adc51e0224b731d29f575a6f1ec167ba08ad06ed5deca4f1e8654c135bf4c.js?body=1" for 127.0.0.1 at 2016-07-10 11:04:28 -0300


Started GET "/assets/turbolinks.self-c5acd7a204f5f25ce7a1d8a0e4d92e28d34c9e2df2c7371cd7af88e147e4ad82.js?body=1" for 127.0.0.1 at 2016-07-10 11:04:28 -0300


Started GET "/assets/application.self-e80e8f2318043e8af94dddc2adad5a4f09739a8ebb323b3ab31cd71d45fd9113.css?body=1" for 127.0.0.1 at 2016-07-10 11:04:28 -0300


Started GET "/assets/application.self-3b8dabdc891efe46b9a144b400ad69e37d7e5876bdc39dee783419a69d7ca819.js?body=1" for 127.0.0.1 at 2016-07-10 11:04:28 -0300


Started GET "/publications" for 127.0.0.1 at 2016-07-10 11:05:22 -0300
Processing by PublicationsController#index as HTML
  [1m[35mPublication Load (0.3ms)[0m  SELECT "publications".* FROM "publications"
  Rendered publications/index.html.erb within layouts/application (1.5ms)
Completed 200 OK in 19ms (Views: 16.6ms | ActiveRecord: 0.4ms)


Started GET "/assets/publications.self-e3b0c44298fc1c149afbf4c8996fb92427ae41e4649b934ca495991b7852b855.css?body=1" for 127.0.0.1 at 2016-07-10 11:05:22 -0300


Started GET "/assets/application.self-e80e8f2318043e8af94dddc2adad5a4f09739a8ebb323b3ab31cd71d45fd9113.css?body=1" for 127.0.0.1 at 2016-07-10 11:05:23 -0300


Started GET "/assets/scaffolds.self-babb72a39508cc126de64c1ad30ee67298df9c770bb7c36ec2f06cabed77f17a.css?body=1" for 127.0.0.1 at 2016-07-10 11:05:23 -0300


Started GET "/assets/jquery_ujs.self-e87806d0cf4489aeb1bb7288016024e8de67fd18db693fe026fe3907581e53cd.js?body=1" for 127.0.0.1 at 2016-07-10 11:05:23 -0300


Started GET "/assets/turbolinks.self-c5acd7a204f5f25ce7a1d8a0e4d92e28d34c9e2df2c7371cd7af88e147e4ad82.js?body=1" for 127.0.0.1 at 2016-07-10 11:05:23 -0300


Started GET "/assets/jquery.self-660adc51e0224b731d29f575a6f1ec167ba08ad06ed5deca4f1e8654c135bf4c.js?body=1" for 127.0.0.1 at 2016-07-10 11:05:23 -0300


Started GET "/assets/publications.self-877aef30ae1b040ab8a3aba4e3e309a11d7f2612f44dde450b5c157aa5f95c05.js?body=1" for 127.0.0.1 at 2016-07-10 11:05:23 -0300


Started GET "/assets/application.self-3b8dabdc891efe46b9a144b400ad69e37d7e5876bdc39dee783419a69d7ca819.js?body=1" for 127.0.0.1 at 2016-07-10 11:05:23 -0300


Started GET "/publications" for 127.0.0.1 at 2016-07-10 11:05:34 -0300
Processing by PublicationsController#index as HTML
  [1m[36mPublication Load (0.2ms)[0m  [1mSELECT "publications".* FROM "publications"[0m
  Rendered publications/index.html.erb within layouts/application (0.7ms)
Completed 200 OK in 16ms (Views: 15.3ms | ActiveRecord: 0.2ms)


Started GET "/assets/publications.self-e3b0c44298fc1c149afbf4c8996fb92427ae41e4649b934ca495991b7852b855.css?body=1" for 127.0.0.1 at 2016-07-10 11:05:34 -0300


Started GET "/assets/application.self-e80e8f2318043e8af94dddc2adad5a4f09739a8ebb323b3ab31cd71d45fd9113.css?body=1" for 127.0.0.1 at 2016-07-10 11:05:34 -0300


Started GET "/assets/jquery.self-660adc51e0224b731d29f575a6f1ec167ba08ad06ed5deca4f1e8654c135bf4c.js?body=1" for 127.0.0.1 at 2016-07-10 11:05:34 -0300


Started GET "/assets/scaffolds.self-babb72a39508cc126de64c1ad30ee67298df9c770bb7c36ec2f06cabed77f17a.css?body=1" for 127.0.0.1 at 2016-07-10 11:05:34 -0300


Started GET "/assets/jquery_ujs.self-e87806d0cf4489aeb1bb7288016024e8de67fd18db693fe026fe3907581e53cd.js?body=1" for 127.0.0.1 at 2016-07-10 11:05:34 -0300


Started GET "/assets/turbolinks.self-c5acd7a204f5f25ce7a1d8a0e4d92e28d34c9e2df2c7371cd7af88e147e4ad82.js?body=1" for 127.0.0.1 at 2016-07-10 11:05:34 -0300


Started GET "/assets/publications.self-877aef30ae1b040ab8a3aba4e3e309a11d7f2612f44dde450b5c157aa5f95c05.js?body=1" for 127.0.0.1 at 2016-07-10 11:05:34 -0300


Started GET "/assets/application.self-3b8dabdc891efe46b9a144b400ad69e37d7e5876bdc39dee783419a69d7ca819.js?body=1" for 127.0.0.1 at 2016-07-10 11:05:34 -0300


Started GET "/publications" for 127.0.0.1 at 2016-07-10 11:07:19 -0300
  [1m[36mActiveRecord::SchemaMigration Load (0.1ms)[0m  [1mSELECT "schema_migrations".* FROM "schema_migrations"[0m
Processing by PublicationsController#index as HTML
  [1m[35mPublication Load (0.2ms)[0m  SELECT "publications".* FROM "publications"
  Rendered publications/index.html.erb within layouts/application (2.5ms)
Completed 200 OK in 196ms (Views: 186.3ms | ActiveRecord: 0.2ms)


Started GET "/assets/publications.self-e3b0c44298fc1c149afbf4c8996fb92427ae41e4649b934ca495991b7852b855.css?body=1" for 127.0.0.1 at 2016-07-10 11:07:19 -0300


Started GET "/assets/scaffolds.self-babb72a39508cc126de64c1ad30ee67298df9c770bb7c36ec2f06cabed77f17a.css?body=1" for 127.0.0.1 at 2016-07-10 11:07:19 -0300


Started GET "/assets/turbolinks.self-c5acd7a204f5f25ce7a1d8a0e4d92e28d34c9e2df2c7371cd7af88e147e4ad82.js?body=1" for 127.0.0.1 at 2016-07-10 11:07:19 -0300


Started GET "/assets/jquery.self-660adc51e0224b731d29f575a6f1ec167ba08ad06ed5deca4f1e8654c135bf4c.js?body=1" for 127.0.0.1 at 2016-07-10 11:07:19 -0300


Started GET "/assets/application.self-e80e8f2318043e8af94dddc2adad5a4f09739a8ebb323b3ab31cd71d45fd9113.css?body=1" for 127.0.0.1 at 2016-07-10 11:07:19 -0300


Started GET "/assets/jquery_ujs.self-e87806d0cf4489aeb1bb7288016024e8de67fd18db693fe026fe3907581e53cd.js?body=1" for 127.0.0.1 at 2016-07-10 11:07:19 -0300


Started GET "/assets/publications.self-877aef30ae1b040ab8a3aba4e3e309a11d7f2612f44dde450b5c157aa5f95c05.js?body=1" for 127.0.0.1 at 2016-07-10 11:07:19 -0300


Started GET "/assets/application.self-3b8dabdc891efe46b9a144b400ad69e37d7e5876bdc39dee783419a69d7ca819.js?body=1" for 127.0.0.1 at 2016-07-10 11:07:19 -0300
  [1m[36mActiveRecord::SchemaMigration Load (0.1ms)[0m  [1mSELECT "schema_migrations".* FROM "schema_migrations"[0m
Migrating to CreateCategories (20160710141007)
  [1m[35m (0.1ms)[0m  begin transaction
  [1m[36m (0.3ms)[0m  [1mCREATE TABLE "categories" ("id" INTEGER PRIMARY KEY AUTOINCREMENT NOT NULL, "name" varchar, "created_at" datetime NOT NULL, "updated_at" datetime NOT NULL) [0m
  [1m[35mSQL (0.1ms)[0m  INSERT INTO "schema_migrations" ("version") VALUES (?)  [["version", "20160710141007"]]
  [1m[36m (77.1ms)[0m  [1mcommit transaction[0m
  [1m[35mActiveRecord::SchemaMigration Load (0.1ms)[0m  SELECT "schema_migrations".* FROM "schema_migrations"


Started GET "/categories" for 127.0.0.1 at 2016-07-10 11:13:31 -0300
  [1m[36mActiveRecord::SchemaMigration Load (0.1ms)[0m  [1mSELECT "schema_migrations".* FROM "schema_migrations"[0m

SyntaxError (/home/aluno125/Documentos/blog/app/controllers/categories_controller.rb:44: syntax error, unexpected tSTRING_DEND, expecting keyword_end
/home/aluno125/Documentos/blog/app/controllers/categories_controller.rb:56: syntax error, unexpected end-of-input, expecting keyword_end):
  app/controllers/categories_controller.rb:44: syntax error, unexpected tSTRING_DEND, expecting keyword_end
  app/controllers/categories_controller.rb:56: syntax error, unexpected end-of-input, expecting keyword_end


  Rendered /home/aluno125/.rbenv/versions/2.3.1/lib/ruby/gems/2.3.0/gems/actionpack-4.2.6/lib/action_dispatch/middleware/templates/rescues/_source.erb (3.8ms)
  Rendered /home/aluno125/.rbenv/versions/2.3.1/lib/ruby/gems/2.3.0/gems/actionpack-4.2.6/lib/action_dispatch/middleware/templates/rescues/_trace.html.erb (1.9ms)
  Rendered /home/aluno125/.rbenv/versions/2.3.1/lib/ruby/gems/2.3.0/gems/actionpack-4.2.6/lib/action_dispatch/middleware/templates/rescues/_request_and_response.html.erb (8.5ms)
  Rendered /home/aluno125/.rbenv/versions/2.3.1/lib/ruby/gems/2.3.0/gems/actionpack-4.2.6/lib/action_dispatch/middleware/templates/rescues/diagnostics.html.erb within rescues/layout (28.7ms)
  Rendered /home/aluno125/.rbenv/versions/2.3.1/lib/ruby/gems/2.3.0/gems/web-console-2.3.0/lib/web_console/templates/_markup.html.erb (0.4ms)
  Rendered /home/aluno125/.rbenv/versions/2.3.1/lib/ruby/gems/2.3.0/gems/web-console-2.3.0/lib/web_console/templates/_inner_console_markup.html.erb within layouts/inlined_string (0.2ms)
  Rendered /home/aluno125/.rbenv/versions/2.3.1/lib/ruby/gems/2.3.0/gems/web-console-2.3.0/lib/web_console/templates/_prompt_box_markup.html.erb within layouts/inlined_string (0.3ms)
  Rendered /home/aluno125/.rbenv/versions/2.3.1/lib/ruby/gems/2.3.0/gems/web-console-2.3.0/lib/web_console/templates/style.css.erb within layouts/inlined_string (0.2ms)
  Rendered /home/aluno125/.rbenv/versions/2.3.1/lib/ruby/gems/2.3.0/gems/web-console-2.3.0/lib/web_console/templates/console.js.erb within layouts/javascript (24.6ms)
  Rendered /home/aluno125/.rbenv/versions/2.3.1/lib/ruby/gems/2.3.0/gems/web-console-2.3.0/lib/web_console/templates/main.js.erb within layouts/javascript (0.3ms)
  Rendered /home/aluno125/.rbenv/versions/2.3.1/lib/ruby/gems/2.3.0/gems/web-console-2.3.0/lib/web_console/templates/error_page.js.erb within layouts/javascript (0.3ms)
  Rendered /home/aluno125/.rbenv/versions/2.3.1/lib/ruby/gems/2.3.0/gems/web-console-2.3.0/lib/web_console/templates/index.html.erb (42.9ms)


Started GET "/categories" for 127.0.0.1 at 2016-07-10 11:13:46 -0300

SyntaxError (/home/aluno125/Documentos/blog/app/controllers/categories_controller.rb:44: syntax error, unexpected tSTRING_DEND, expecting keyword_end
/home/aluno125/Documentos/blog/app/controllers/categories_controller.rb:56: syntax error, unexpected end-of-input, expecting keyword_end):
  app/controllers/categories_controller.rb:44: syntax error, unexpected tSTRING_DEND, expecting keyword_end
  app/controllers/categories_controller.rb:56: syntax error, unexpected end-of-input, expecting keyword_end


  Rendered /home/aluno125/.rbenv/versions/2.3.1/lib/ruby/gems/2.3.0/gems/actionpack-4.2.6/lib/action_dispatch/middleware/templates/rescues/_source.erb (3.7ms)
  Rendered /home/aluno125/.rbenv/versions/2.3.1/lib/ruby/gems/2.3.0/gems/actionpack-4.2.6/lib/action_dispatch/middleware/templates/rescues/_trace.html.erb (2.0ms)
  Rendered /home/aluno125/.rbenv/versions/2.3.1/lib/ruby/gems/2.3.0/gems/actionpack-4.2.6/lib/action_dispatch/middleware/templates/rescues/_request_and_response.html.erb (1.3ms)
  Rendered /home/aluno125/.rbenv/versions/2.3.1/lib/ruby/gems/2.3.0/gems/actionpack-4.2.6/lib/action_dispatch/middleware/templates/rescues/diagnostics.html.erb within rescues/layout (20.8ms)
  Rendered /home/aluno125/.rbenv/versions/2.3.1/lib/ruby/gems/2.3.0/gems/web-console-2.3.0/lib/web_console/templates/_markup.html.erb (0.3ms)
  Rendered /home/aluno125/.rbenv/versions/2.3.1/lib/ruby/gems/2.3.0/gems/web-console-2.3.0/lib/web_console/templates/_inner_console_markup.html.erb within layouts/inlined_string (0.3ms)
  Rendered /home/aluno125/.rbenv/versions/2.3.1/lib/ruby/gems/2.3.0/gems/web-console-2.3.0/lib/web_console/templates/_prompt_box_markup.html.erb within layouts/inlined_string (0.2ms)
  Rendered /home/aluno125/.rbenv/versions/2.3.1/lib/ruby/gems/2.3.0/gems/web-console-2.3.0/lib/web_console/templates/style.css.erb within layouts/inlined_string (0.3ms)
  Rendered /home/aluno125/.rbenv/versions/2.3.1/lib/ruby/gems/2.3.0/gems/web-console-2.3.0/lib/web_console/templates/console.js.erb within layouts/javascript (16.0ms)
  Rendered /home/aluno125/.rbenv/versions/2.3.1/lib/ruby/gems/2.3.0/gems/web-console-2.3.0/lib/web_console/templates/main.js.erb within layouts/javascript (0.2ms)
  Rendered /home/aluno125/.rbenv/versions/2.3.1/lib/ruby/gems/2.3.0/gems/web-console-2.3.0/lib/web_console/templates/error_page.js.erb within layouts/javascript (0.3ms)
  Rendered /home/aluno125/.rbenv/versions/2.3.1/lib/ruby/gems/2.3.0/gems/web-console-2.3.0/lib/web_console/templates/index.html.erb (31.9ms)


Started GET "/categories" for 127.0.0.1 at 2016-07-10 11:14:00 -0300
Processing by CategoriesController#index as HTML
  [1m[35mCategory Load (0.4ms)[0m  SELECT "categories".* FROM "categories"
  Rendered categories/index.html.erb within layouts/application (2.2ms)
Completed 200 OK in 341ms (Views: 338.8ms | ActiveRecord: 0.4ms)


Started GET "/assets/categories.self-e3b0c44298fc1c149afbf4c8996fb92427ae41e4649b934ca495991b7852b855.css?body=1" for 127.0.0.1 at 2016-07-10 11:14:01 -0300


Started GET "/assets/publications.self-e3b0c44298fc1c149afbf4c8996fb92427ae41e4649b934ca495991b7852b855.css?body=1" for 127.0.0.1 at 2016-07-10 11:14:01 -0300


Started GET "/assets/turbolinks.self-c5acd7a204f5f25ce7a1d8a0e4d92e28d34c9e2df2c7371cd7af88e147e4ad82.js?body=1" for 127.0.0.1 at 2016-07-10 11:14:01 -0300


Started GET "/assets/scaffolds.self-babb72a39508cc126de64c1ad30ee67298df9c770bb7c36ec2f06cabed77f17a.css?body=1" for 127.0.0.1 at 2016-07-10 11:14:01 -0300


Started GET "/assets/jquery.self-660adc51e0224b731d29f575a6f1ec167ba08ad06ed5deca4f1e8654c135bf4c.js?body=1" for 127.0.0.1 at 2016-07-10 11:14:01 -0300


Started GET "/assets/application.self-e80e8f2318043e8af94dddc2adad5a4f09739a8ebb323b3ab31cd71d45fd9113.css?body=1" for 127.0.0.1 at 2016-07-10 11:14:01 -0300


Started GET "/assets/jquery_ujs.self-e87806d0cf4489aeb1bb7288016024e8de67fd18db693fe026fe3907581e53cd.js?body=1" for 127.0.0.1 at 2016-07-10 11:14:01 -0300


Started GET "/assets/categories.self-877aef30ae1b040ab8a3aba4e3e309a11d7f2612f44dde450b5c157aa5f95c05.js?body=1" for 127.0.0.1 at 2016-07-10 11:14:01 -0300


Started GET "/assets/publications.self-877aef30ae1b040ab8a3aba4e3e309a11d7f2612f44dde450b5c157aa5f95c05.js?body=1" for 127.0.0.1 at 2016-07-10 11:14:01 -0300


Started GET "/assets/application.self-3b8dabdc891efe46b9a144b400ad69e37d7e5876bdc39dee783419a69d7ca819.js?body=1" for 127.0.0.1 at 2016-07-10 11:14:01 -0300


Started GET "/categories/new" for 127.0.0.1 at 2016-07-10 11:14:15 -0300
Processing by CategoriesController#new as HTML
  Rendered categories/_form.html.erb (172.5ms)
  Rendered categories/new.html.erb within layouts/application (174.0ms)
Completed 200 OK in 198ms (Views: 193.5ms | ActiveRecord: 0.3ms)


Started POST "/categories" for 127.0.0.1 at 2016-07-10 11:14:16 -0300
Processing by CategoriesController#create as HTML
  Parameters: {"utf8"=>"✓", "authenticity_token"=>"+fDYoM58KMgzPOpS49FAkXAqcxbFPpNKGX8smUzG05HmNCjxLxAK8zSjCqv/Sium37zR4DyidBskGuoM0mWmDw==", "category"=>{"name"=>""}, "commit"=>"Create Category"}
  [1m[36m (0.2ms)[0m  [1mbegin transaction[0m
  [1m[35mSQL (0.4ms)[0m  INSERT INTO "categories" ("name", "created_at", "updated_at") VALUES (?, ?, ?)  [["name", ""], ["created_at", "2016-07-10 14:14:16.495685"], ["updated_at", "2016-07-10 14:14:16.495685"]]
  [1m[36m (80.8ms)[0m  [1mcommit transaction[0m
Redirected to http://localhost:3000/categories/1
Completed 406 Not Acceptable in 91ms (ActiveRecord: 81.5ms)

ActionController::UnknownFormat (ActionController::UnknownFormat):
  app/controllers/categories_controller.rb:26:in `create'


  Rendered /home/aluno125/.rbenv/versions/2.3.1/lib/ruby/gems/2.3.0/gems/actionpack-4.2.6/lib/action_dispatch/middleware/templates/rescues/_source.erb (4.1ms)
  Rendered /home/aluno125/.rbenv/versions/2.3.1/lib/ruby/gems/2.3.0/gems/actionpack-4.2.6/lib/action_dispatch/middleware/templates/rescues/_trace.html.erb (2.0ms)
  Rendered /home/aluno125/.rbenv/versions/2.3.1/lib/ruby/gems/2.3.0/gems/actionpack-4.2.6/lib/action_dispatch/middleware/templates/rescues/_request_and_response.html.erb (1.2ms)
  Rendered /home/aluno125/.rbenv/versions/2.3.1/lib/ruby/gems/2.3.0/gems/actionpack-4.2.6/lib/action_dispatch/middleware/templates/rescues/diagnostics.html.erb within rescues/layout (21.5ms)
  Rendered /home/aluno125/.rbenv/versions/2.3.1/lib/ruby/gems/2.3.0/gems/web-console-2.3.0/lib/web_console/templates/_markup.html.erb (0.4ms)
  Rendered /home/aluno125/.rbenv/versions/2.3.1/lib/ruby/gems/2.3.0/gems/web-console-2.3.0/lib/web_console/templates/_inner_console_markup.html.erb within layouts/inlined_string (0.4ms)
  Rendered /home/aluno125/.rbenv/versions/2.3.1/lib/ruby/gems/2.3.0/gems/web-console-2.3.0/lib/web_console/templates/_prompt_box_markup.html.erb within layouts/inlined_string (0.3ms)
  Rendered /home/aluno125/.rbenv/versions/2.3.1/lib/ruby/gems/2.3.0/gems/web-console-2.3.0/lib/web_console/templates/style.css.erb within layouts/inlined_string (0.3ms)
  Rendered /home/aluno125/.rbenv/versions/2.3.1/lib/ruby/gems/2.3.0/gems/web-console-2.3.0/lib/web_console/templates/console.js.erb within layouts/javascript (16.5ms)
  Rendered /home/aluno125/.rbenv/versions/2.3.1/lib/ruby/gems/2.3.0/gems/web-console-2.3.0/lib/web_console/templates/main.js.erb within layouts/javascript (0.4ms)
  Rendered /home/aluno125/.rbenv/versions/2.3.1/lib/ruby/gems/2.3.0/gems/web-console-2.3.0/lib/web_console/templates/error_page.js.erb within layouts/javascript (0.3ms)
  Rendered /home/aluno125/.rbenv/versions/2.3.1/lib/ruby/gems/2.3.0/gems/web-console-2.3.0/lib/web_console/templates/index.html.erb (33.0ms)


Started POST "/categories" for 127.0.0.1 at 2016-07-10 11:14:41 -0300

SyntaxError (/home/aluno125/Documentos/blog/app/controllers/categories_controller.rb:55: syntax error, unexpected keyword_end, expecting end-of-input):
  app/controllers/categories_controller.rb:55: syntax error, unexpected keyword_end, expecting end-of-input


  Rendered /home/aluno125/.rbenv/versions/2.3.1/lib/ruby/gems/2.3.0/gems/actionpack-4.2.6/lib/action_dispatch/middleware/templates/rescues/_source.erb (3.8ms)
  Rendered /home/aluno125/.rbenv/versions/2.3.1/lib/ruby/gems/2.3.0/gems/actionpack-4.2.6/lib/action_dispatch/middleware/templates/rescues/_trace.html.erb (1.9ms)
  Rendered /home/aluno125/.rbenv/versions/2.3.1/lib/ruby/gems/2.3.0/gems/actionpack-4.2.6/lib/action_dispatch/middleware/templates/rescues/_request_and_response.html.erb (1.6ms)
  Rendered /home/aluno125/.rbenv/versions/2.3.1/lib/ruby/gems/2.3.0/gems/actionpack-4.2.6/lib/action_dispatch/middleware/templates/rescues/diagnostics.html.erb within rescues/layout (21.4ms)
  Rendered /home/aluno125/.rbenv/versions/2.3.1/lib/ruby/gems/2.3.0/gems/web-console-2.3.0/lib/web_console/templates/_markup.html.erb (0.3ms)
  Rendered /home/aluno125/.rbenv/versions/2.3.1/lib/ruby/gems/2.3.0/gems/web-console-2.3.0/lib/web_console/templates/_inner_console_markup.html.erb within layouts/inlined_string (0.4ms)
  Rendered /home/aluno125/.rbenv/versions/2.3.1/lib/ruby/gems/2.3.0/gems/web-console-2.3.0/lib/web_console/templates/_prompt_box_markup.html.erb within layouts/inlined_string (0.3ms)
  Rendered /home/aluno125/.rbenv/versions/2.3.1/lib/ruby/gems/2.3.0/gems/web-console-2.3.0/lib/web_console/templates/style.css.erb within layouts/inlined_string (0.4ms)
  Rendered /home/aluno125/.rbenv/versions/2.3.1/lib/ruby/gems/2.3.0/gems/web-console-2.3.0/lib/web_console/templates/console.js.erb within layouts/javascript (17.6ms)
  Rendered /home/aluno125/.rbenv/versions/2.3.1/lib/ruby/gems/2.3.0/gems/web-console-2.3.0/lib/web_console/templates/main.js.erb within layouts/javascript (0.3ms)
  Rendered /home/aluno125/.rbenv/versions/2.3.1/lib/ruby/gems/2.3.0/gems/web-console-2.3.0/lib/web_console/templates/error_page.js.erb within layouts/javascript (0.4ms)
  Rendered /home/aluno125/.rbenv/versions/2.3.1/lib/ruby/gems/2.3.0/gems/web-console-2.3.0/lib/web_console/templates/index.html.erb (33.6ms)


Started POST "/categories" for 127.0.0.1 at 2016-07-10 11:14:57 -0300
Processing by CategoriesController#create as HTML
  Parameters: {"utf8"=>"✓", "authenticity_token"=>"+fDYoM58KMgzPOpS49FAkXAqcxbFPpNKGX8smUzG05HmNCjxLxAK8zSjCqv/Sium37zR4DyidBskGuoM0mWmDw==", "category"=>{"name"=>""}, "commit"=>"Create Category"}
  [1m[35m (0.1ms)[0m  begin transaction
  [1m[36mSQL (0.4ms)[0m  [1mINSERT INTO "categories" ("name", "created_at", "updated_at") VALUES (?, ?, ?)[0m  [["name", ""], ["created_at", "2016-07-10 14:14:57.619951"], ["updated_at", "2016-07-10 14:14:57.619951"]]
  [1m[35m (57.3ms)[0m  commit transaction
Redirected to http://localhost:3000/categories/2
Completed 302 Found in 67ms (ActiveRecord: 58.3ms)


Started GET "/categories/2" for 127.0.0.1 at 2016-07-10 11:14:57 -0300
Processing by CategoriesController#show as HTML
  Parameters: {"id"=>"2"}
  [1m[36mCategory Load (0.3ms)[0m  [1mSELECT  "categories".* FROM "categories" WHERE "categories"."id" = ? LIMIT 1[0m  [["id", 2]]
  Rendered categories/show.html.erb within layouts/application (1.1ms)
Completed 200 OK in 47ms (Views: 19.5ms | ActiveRecord: 0.3ms)


Started GET "/assets/categories.self-e3b0c44298fc1c149afbf4c8996fb92427ae41e4649b934ca495991b7852b855.css?body=1" for 127.0.0.1 at 2016-07-10 11:14:57 -0300


Started GET "/assets/scaffolds.self-babb72a39508cc126de64c1ad30ee67298df9c770bb7c36ec2f06cabed77f17a.css?body=1" for 127.0.0.1 at 2016-07-10 11:14:57 -0300


Started GET "/assets/jquery.self-660adc51e0224b731d29f575a6f1ec167ba08ad06ed5deca4f1e8654c135bf4c.js?body=1" for 127.0.0.1 at 2016-07-10 11:14:57 -0300


Started GET "/assets/jquery_ujs.self-e87806d0cf4489aeb1bb7288016024e8de67fd18db693fe026fe3907581e53cd.js?body=1" for 127.0.0.1 at 2016-07-10 11:14:57 -0300


Started GET "/assets/publications.self-e3b0c44298fc1c149afbf4c8996fb92427ae41e4649b934ca495991b7852b855.css?body=1" for 127.0.0.1 at 2016-07-10 11:14:57 -0300


Started GET "/assets/application.self-e80e8f2318043e8af94dddc2adad5a4f09739a8ebb323b3ab31cd71d45fd9113.css?body=1" for 127.0.0.1 at 2016-07-10 11:14:57 -0300


Started GET "/assets/turbolinks.self-c5acd7a204f5f25ce7a1d8a0e4d92e28d34c9e2df2c7371cd7af88e147e4ad82.js?body=1" for 127.0.0.1 at 2016-07-10 11:14:57 -0300


Started GET "/assets/categories.self-877aef30ae1b040ab8a3aba4e3e309a11d7f2612f44dde450b5c157aa5f95c05.js?body=1" for 127.0.0.1 at 2016-07-10 11:14:57 -0300


Started GET "/assets/publications.self-877aef30ae1b040ab8a3aba4e3e309a11d7f2612f44dde450b5c157aa5f95c05.js?body=1" for 127.0.0.1 at 2016-07-10 11:14:57 -0300


Started GET "/assets/application.self-3b8dabdc891efe46b9a144b400ad69e37d7e5876bdc39dee783419a69d7ca819.js?body=1" for 127.0.0.1 at 2016-07-10 11:14:57 -0300


Started GET "/publications" for 127.0.0.1 at 2016-07-10 11:15:08 -0300
Processing by PublicationsController#index as HTML
  [1m[35mPublication Load (0.2ms)[0m  SELECT "publications".* FROM "publications"
  Rendered publications/index.html.erb within layouts/application (1.9ms)
Completed 200 OK in 25ms (Views: 22.4ms | ActiveRecord: 0.3ms)


Started GET "/publications/new" for 127.0.0.1 at 2016-07-10 11:15:10 -0300
Processing by PublicationsController#new as HTML
  Rendered publications/_form.html.erb (72.2ms)
  Rendered publications/new.html.erb within layouts/application (73.4ms)
Completed 200 OK in 95ms (Views: 88.6ms | ActiveRecord: 0.2ms)


Started POST "/publications" for 127.0.0.1 at 2016-07-10 11:15:11 -0300
Processing by PublicationsController#create as HTML
  Parameters: {"utf8"=>"✓", "authenticity_token"=>"mtvmO8bzwpqNVEOW42BVG0UDRffpL3Z4wcZDmvVKcr+FHxZqJ5/goYrLo2//+z4s6pXnARCzkSn8o4UPa+kHIQ==", "publication"=>{"title"=>"", "description"=>"", "publication_image"=>""}, "commit"=>"Create Publication"}
  [1m[36m (0.1ms)[0m  [1mbegin transaction[0m
  [1m[35mSQL (0.3ms)[0m  INSERT INTO "publications" ("title", "description", "publication_image", "created_at", "updated_at") VALUES (?, ?, ?, ?, ?)  [["title", ""], ["description", ""], ["publication_image", ""], ["created_at", "2016-07-10 14:15:11.868576"], ["updated_at", "2016-07-10 14:15:11.868576"]]
  [1m[36m (84.7ms)[0m  [1mcommit transaction[0m
Redirected to http://localhost:3000/publications/1
Completed 302 Found in 90ms (ActiveRecord: 85.2ms)


Started GET "/publications/1" for 127.0.0.1 at 2016-07-10 11:15:11 -0300
Processing by PublicationsController#show as HTML
  Parameters: {"id"=>"1"}
  [1m[35mPublication Load (0.2ms)[0m  SELECT  "publications".* FROM "publications" WHERE "publications"."id" = ? LIMIT 1  [["id", 1]]
  Rendered publications/show.html.erb within layouts/application (0.9ms)
Completed 200 OK in 16ms (Views: 14.4ms | ActiveRecord: 0.2ms)


Started GET "/publications" for 127.0.0.1 at 2016-07-10 11:15:16 -0300
Processing by PublicationsController#index as HTML
  [1m[36mPublication Load (0.2ms)[0m  [1mSELECT "publications".* FROM "publications"[0m
  Rendered publications/index.html.erb within layouts/application (1.6ms)
Completed 200 OK in 22ms (Views: 21.5ms | ActiveRecord: 0.2ms)
